<?xml version="1.0" encoding="UTF-8"?>
<!-- Generated by org.testng.reporters.JUnitXMLReporter -->
<testsuite hostname="Aysels-MacBook-Pro.local" ignored="4" name="Default test" tests="1" failures="0" timestamp="23 Aug 2018 02:35:17 GMT" time="1.533" errors="0">
  <testcase name="printBody" time="1.206" classname="rest_api_testing.RestApiTesting"/>
  <testcase name="deletePostTest" time="0.0" classname="rest_api_testing.RestApiTesting">
    <ignored/>
  </testcase> <!-- deletePostTest -->
  <testcase name="simpleGetRequestforSingleItem" time="0.0" classname="rest_api_testing.RestApiTesting">
    <ignored/>
  </testcase> <!-- simpleGetRequestforSingleItem -->
  <testcase name="simplePostTest" time="0.0" classname="rest_api_testing.RestApiTesting">
    <ignored/>
  </testcase> <!-- simplePostTest -->
  <testcase name="simplePutTest" time="0.0" classname="rest_api_testing.RestApiTesting">
    <ignored/>
  </testcase> <!-- simplePutTest -->
</testsuite> <!-- Default test -->
