<?xml version="1.0" encoding="UTF-8"?>
<testng-results skipped="0" failed="0" ignored="4" total="5" passed="1">
  <reporter-output>
  </reporter-output>
  <suite name="Default suite" duration-ms="1533" started-at="2018-08-23T02:35:16Z" finished-at="2018-08-23T02:35:17Z">
    <groups>
    </groups>
    <test name="Default test" duration-ms="1533" started-at="2018-08-23T02:35:16Z" finished-at="2018-08-23T02:35:17Z">
      <class name="rest_api_testing.RestApiTesting">
        <test-method status="PASS" signature="setUp()[pri:0, instance:rest_api_testing.RestApiTesting@1d057a39]" name="setUp" is-config="true" duration-ms="312" started-at="2018-08-23T02:35:16Z" finished-at="2018-08-23T02:35:16Z">
          <reporter-output>
          </reporter-output>
        </test-method> <!-- setUp -->
        <test-method status="PASS" signature="printBody()[pri:0, instance:rest_api_testing.RestApiTesting@1d057a39]" name="printBody" duration-ms="1206" started-at="2018-08-23T02:35:16Z" finished-at="2018-08-23T02:35:17Z">
          <reporter-output>
          </reporter-output>
        </test-method> <!-- printBody -->
      </class> <!-- rest_api_testing.RestApiTesting -->
    </test> <!-- Default test -->
  </suite> <!-- Default suite -->
</testng-results>
